Plugins:
Bundled analyzers:
  - Python Code Quality and Security 3.24.1.11916 (python)
  - Go Code Quality and Security 1.11.0.3905 (go)
  - JaCoCo 1.3.0.1538 (jacoco)
  - Kotlin Code Quality and Security 2.12.0.1956 (kotlin)
  - IaC Code Quality and Security 1.11.0.2847 (iac)
  - JavaScript/TypeScript/CSS Code Quality and Security 9.13.0.20537 (javascript)
  - Ruby Code Quality and Security 1.11.0.3905 (ruby)
  - Scala Code Quality and Security 1.11.0.3905 (sonarscala)
  - C# Code Quality and Security 8.51.0.59060 (csharp)
  - Java Code Quality and Security 7.16.0.30901 (java)
  - HTML Code Quality and Security 3.7.1.3306 (web)
  - Flex Code Quality and Security 2.8.0.3166 (flex)
  - XML Code Quality and Security 2.7.0.3820 (xml)
  - PHP Code Quality and Security 3.27.1.9352 (php)
  - Text Code Quality and Security 2.0.2.1090 (text)
  - VB.NET Code Quality and Security 8.51.0.59060 (vbnet)
  - Configuration detection fot Code Quality and Security 1.2.0.267 (config)
Global server settings:
  - sonar.core.id=147B411E-AZd7rOLYmYAF-xSXEB45
  - sonar.core.startTime=2025-06-17T02:16:47+0000
  - sonar.forceAuthentication=true
Project server settings:
Project scanner properties:
  - sonar.binaries=/root/validadorapp/target/classes
  - sonar.groovy.binaries=/root/validadorapp/target/classes
  - sonar.host.url=http://localhost:9000
  - sonar.java.binaries=/root/validadorapp/target/classes
  - sonar.java.jdkHome=/root/.sdkman/candidates/java/current
  - sonar.java.source=1.8
  - sonar.java.target=1.8
  - sonar.java.test.binaries=/root/validadorapp/target/test-classes
  - sonar.java.test.libraries=/root/validadorapp/target/classes,/root/.m2/repository/junit/junit/3.8.1/junit-3.8.1.jar
  - sonar.junit.reportPaths=/root/validadorapp/target/surefire-reports
  - sonar.junit.reportsPath=/root/validadorapp/target/surefire-reports
  - sonar.links.ci=
  - sonar.links.homepage=http://maven.apache.org
  - sonar.links.issue=
  - sonar.links.scm=
  - sonar.links.scm_dev=
  - sonar.login=******
  - sonar.moduleKey=validadorapp:com.equipo.validador:validadorapp
  - sonar.projectBaseDir=/root/validadorapp
  - sonar.projectBuildDir=/root/validadorapp/target
  - sonar.projectKey=validadorapp
  - sonar.projectName=validadorapp
  - sonar.projectVersion=1.0-SNAPSHOT
  - sonar.scanner.app=ScannerMaven
  - sonar.scanner.appVersion=3.9.1.2184/3.9.9
  - sonar.sourceEncoding=UTF-8
  - sonar.sources=/root/validadorapp/pom.xml,/root/validadorapp/src/main/java
  - sonar.tests=/root/validadorapp/src/test/java
  - sonar.working.directory=/root/validadorapp/target/sonar
